2019-02-16 22:28:26 [scrapy.utils.log] INFO: Scrapy 1.6.0 started (bot: scraper)
2019-02-16 22:28:26 [scrapy.utils.log] INFO: Versions: lxml 4.3.1.0, libxml2 2.9.9, cssselect 1.0.3, parsel 1.5.1, w3lib 1.20.0, Twisted 18.9.0, Python 3.7.2 (default, Feb 12 2019, 08:15:36) - [Clang 10.0.0 (clang-1000.11.45.5)], pyOpenSSL 19.0.0 (OpenSSL 1.1.1a  20 Nov 2018), cryptography 2.5, Platform Darwin-18.2.0-x86_64-i386-64bit
2019-02-16 22:28:26 [scrapy.crawler] INFO: Overridden settings: {'BOT_NAME': 'scraper', 'LOG_FILE': 'logs/default/product/2ca6303c323a11e9a7bb34363b84d4b4.log', 'NEWSPIDER_MODULE': 'scraper.spiders', 'ROBOTSTXT_OBEY': True, 'SPIDER_MODULES': ['scraper.spiders']}
2019-02-16 22:28:26 [scrapy.extensions.telnet] INFO: Telnet Password: 6ff7336d646345c8
2019-02-16 22:28:26 [scrapy.middleware] INFO: Enabled extensions:
['scrapy.extensions.corestats.CoreStats',
 'scrapy.extensions.telnet.TelnetConsole',
 'scrapy.extensions.memusage.MemoryUsage',
 'scrapy.extensions.logstats.LogStats']
2019-02-16 22:28:26 [scrapy.middleware] INFO: Enabled downloader middlewares:
['scrapy.downloadermiddlewares.robotstxt.RobotsTxtMiddleware',
 'scrapy.downloadermiddlewares.httpauth.HttpAuthMiddleware',
 'scrapy.downloadermiddlewares.downloadtimeout.DownloadTimeoutMiddleware',
 'scrapy.downloadermiddlewares.defaultheaders.DefaultHeadersMiddleware',
 'scrapy.downloadermiddlewares.useragent.UserAgentMiddleware',
 'scrapy.downloadermiddlewares.retry.RetryMiddleware',
 'scrapy.downloadermiddlewares.redirect.MetaRefreshMiddleware',
 'scrapy.downloadermiddlewares.httpcompression.HttpCompressionMiddleware',
 'scrapy.downloadermiddlewares.redirect.RedirectMiddleware',
 'scrapy.downloadermiddlewares.cookies.CookiesMiddleware',
 'scrapy.downloadermiddlewares.httpproxy.HttpProxyMiddleware',
 'scrapy.downloadermiddlewares.stats.DownloaderStats']
2019-02-16 22:28:26 [scrapy.middleware] INFO: Enabled spider middlewares:
['scrapy.spidermiddlewares.httperror.HttpErrorMiddleware',
 'scrapy.spidermiddlewares.offsite.OffsiteMiddleware',
 'scrapy.spidermiddlewares.referer.RefererMiddleware',
 'scrapy.spidermiddlewares.urllength.UrlLengthMiddleware',
 'scrapy.spidermiddlewares.depth.DepthMiddleware']
2019-02-16 22:28:26 [scrapy.middleware] INFO: Enabled item pipelines:
[]
2019-02-16 22:28:26 [scrapy.core.engine] INFO: Spider opened
2019-02-16 22:28:26 [scrapy.extensions.logstats] INFO: Crawled 0 pages (at 0 pages/min), scraped 0 items (at 0 items/min)
2019-02-16 22:28:26 [scrapy.extensions.telnet] INFO: Telnet console listening on 127.0.0.1:6023
2019-02-16 22:28:26 [scrapy.core.engine] DEBUG: Crawled (200) <GET https://www.lajuana.cl/robots.txt> (referer: None)
2019-02-16 22:28:27 [scrapy.core.engine] DEBUG: Crawled (200) <GET https://www.lajuana.cl/> (referer: None)
2019-02-16 22:28:27 [scrapy.dupefilters] DEBUG: Filtered duplicate request: <GET https://www.lajuana.cl/fertilizantes-quemanta/> - no more duplicates will be shown (see DUPEFILTER_DEBUG to show all duplicates)
2019-02-16 22:28:28 [scrapy.core.engine] DEBUG: Crawled (200) <GET https://www.lajuana.cl/humboldt-seeds/> (referer: https://www.lajuana.cl/)
2019-02-16 22:28:28 [scrapy.core.engine] DEBUG: Crawled (200) <GET https://www.lajuana.cl/positronics-seeds/> (referer: https://www.lajuana.cl/)
2019-02-16 22:28:28 [scrapy.core.engine] DEBUG: Crawled (200) <GET https://www.lajuana.cl/pyramid-seeds/> (referer: https://www.lajuana.cl/)
2019-02-16 22:28:28 [scrapy.core.engine] DEBUG: Crawled (200) <GET https://www.lajuana.cl/semillas/> (referer: https://www.lajuana.cl/)
2019-02-16 22:28:28 [scrapy.core.engine] DEBUG: Crawled (200) <GET https://www.lajuana.cl/paradise-seeds/> (referer: https://www.lajuana.cl/)
2019-02-16 22:28:28 [scrapy.core.engine] DEBUG: Crawled (200) <GET https://www.lajuana.cl/infinity-seeds/> (referer: https://www.lajuana.cl/)
2019-02-16 22:28:29 [scrapy.core.engine] DEBUG: Crawled (200) <GET https://www.lajuana.cl/fastbuds/> (referer: https://www.lajuana.cl/)
2019-02-16 22:28:29 [scrapy.core.engine] DEBUG: Crawled (200) <GET https://www.lajuana.cl/ripper-seeds/> (referer: https://www.lajuana.cl/)
2019-02-16 22:28:29 [scrapy.core.engine] DEBUG: Crawled (200) <GET https://www.lajuana.cl/green-house-seeds/> (referer: https://www.lajuana.cl/)
2019-02-16 22:28:29 [scrapy.core.engine] DEBUG: Crawled (200) <GET https://www.lajuana.cl/medical-seeds/> (referer: https://www.lajuana.cl/)
2019-02-16 22:28:29 [scrapy.core.engine] DEBUG: Crawled (200) <GET https://www.lajuana.cl/flying-dutchmen/> (referer: https://www.lajuana.cl/)
2019-02-16 22:28:29 [scrapy.core.engine] DEBUG: Crawled (200) <GET https://www.lajuana.cl/DNA-genetics-reserva-privada/> (referer: https://www.lajuana.cl/)
2019-02-16 22:28:29 [scrapy.core.engine] DEBUG: Crawled (200) <GET https://www.lajuana.cl/grass-o-matic/> (referer: https://www.lajuana.cl/)
2019-02-16 22:28:29 [scrapy.core.engine] DEBUG: Crawled (200) <GET https://www.lajuana.cl/eva-seeds/> (referer: https://www.lajuana.cl/)
2019-02-16 22:28:29 [scrapy.core.engine] DEBUG: Crawled (200) <GET https://www.lajuana.cl/dutch-passion/> (referer: https://www.lajuana.cl/)
2019-02-16 22:28:29 [scrapy.core.engine] DEBUG: Crawled (200) <GET https://www.lajuana.cl/dna-genetics/> (referer: https://www.lajuana.cl/)
2019-02-16 22:28:30 [scrapy.core.engine] DEBUG: Crawled (200) <GET https://www.lajuana.cl/productos-con-cbd/> (referer: https://www.lajuana.cl/)
2019-02-16 22:28:30 [scrapy.core.engine] DEBUG: Crawled (200) <GET https://www.lajuana.cl/test-de-drogas/> (referer: https://www.lajuana.cl/)
2019-02-16 22:28:30 [scrapy.core.engine] DEBUG: Crawled (200) <GET https://www.lajuana.cl/cosmeticos-cannabicos/> (referer: https://www.lajuana.cl/)
2019-02-16 22:28:30 [scrapy.core.engine] DEBUG: Crawled (200) <GET https://www.lajuana.cl/annabis/> (referer: https://www.lajuana.cl/)
2019-02-16 22:28:31 [scrapy.core.engine] DEBUG: Crawled (200) <GET https://www.lajuana.cl/humboldt-seeds/lemon-thai-kush-3-semillas-humboldt-seeds.html> (referer: https://www.lajuana.cl/humboldt-seeds/)
2019-02-16 22:28:32 [scrapy.core.engine] DEBUG: Crawled (200) <GET https://www.lajuana.cl/paradise-seeds/white-berry-3-semillas-paradise-seeds.html> (referer: https://www.lajuana.cl/paradise-seeds/)
2019-02-16 22:28:32 [scrapy.core.engine] DEBUG: Crawled (200) <GET https://www.lajuana.cl/paradise-seeds/original-cheese-3-semillas-paradise-seeds.html> (referer: https://www.lajuana.cl/paradise-seeds/)
2019-02-16 22:28:32 [scrapy.core.engine] DEBUG: Crawled (200) <GET https://www.lajuana.cl/paradise-seeds/pandora-3-semillas-paradise-seeds.html> (referer: https://www.lajuana.cl/paradise-seeds/)
2019-02-16 22:28:32 [scrapy.core.engine] DEBUG: Crawled (200) <GET https://www.lajuana.cl/paradise-seeds/lucid-bolt-3-semillas-paradise-seeds.html> (referer: https://www.lajuana.cl/paradise-seeds/)
2019-02-16 22:28:32 [scrapy.core.engine] DEBUG: Crawled (200) <GET https://www.lajuana.cl/paradise-seeds/acid-3-semillas-paradise-seeds.html> (referer: https://www.lajuana.cl/paradise-seeds/)
2019-02-16 22:28:33 [scrapy.core.engine] DEBUG: Crawled (200) <GET https://www.lajuana.cl/paradise-seeds/spoetnik-n1-3-semillas-paradise-seeds.html> (referer: https://www.lajuana.cl/paradise-seeds/)
2019-02-16 22:28:33 [scrapy.core.engine] DEBUG: Crawled (200) <GET https://www.lajuana.cl/flying-dutchmen/dame-blanche-5-semillas-flying-dutchmen.html> (referer: https://www.lajuana.cl/flying-dutchmen/)
2019-02-16 22:28:33 [scrapy.core.engine] DEBUG: Crawled (200) <GET https://www.lajuana.cl/flying-dutchmen/skunk-classic-5-semillas-flying-dutchmen.html> (referer: https://www.lajuana.cl/flying-dutchmen/)
2019-02-16 22:28:33 [scrapy.core.engine] DEBUG: Crawled (200) <GET https://www.lajuana.cl/flying-dutchmen/amsterdam-mist-5-semillas-flying-dutchmen.html> (referer: https://www.lajuana.cl/flying-dutchmen/)
2019-02-16 22:28:34 [scrapy.core.engine] DEBUG: Crawled (200) <GET https://www.lajuana.cl/flying-dutchmen/edelweiss-5-semillas-flying-dutchmen.html> (referer: https://www.lajuana.cl/flying-dutchmen/)
2019-02-16 22:28:35 [scrapy.core.engine] DEBUG: Crawled (200) <GET https://www.lajuana.cl/flying-dutchmen/g-force-5-semillas-flying-dutchmen.html> (referer: https://www.lajuana.cl/flying-dutchmen/)
2019-02-16 22:28:35 [scrapy.core.engine] DEBUG: Crawled (200) <GET https://www.lajuana.cl/dna-genetics/la-confidential-3-semillas-dna-genetics.html> (referer: https://www.lajuana.cl/dna-genetics/)
2019-02-16 22:28:35 [scrapy.core.engine] DEBUG: Crawled (200) <GET https://www.lajuana.cl/dna-genetics/golden-lemons-3-semillas-dna-genetics.html> (referer: https://www.lajuana.cl/dna-genetics/)
2019-02-16 22:28:35 [scrapy.core.engine] DEBUG: Crawled (200) <GET https://www.lajuana.cl/dna-genetics/lemon-skunk-3-semillas-dna-genetics.html> (referer: https://www.lajuana.cl/dna-genetics/)
2019-02-16 22:28:35 [scrapy.core.engine] DEBUG: Crawled (200) <GET https://www.lajuana.cl/dna-genetics/cannalope-kush-3-semillas-dna-genetics.html> (referer: https://www.lajuana.cl/dna-genetics/)
2019-02-16 22:28:38 [scrapy.core.engine] DEBUG: Crawled (200) <GET https://www.lajuana.cl/annabis/varicann-q10-gel-75ml.html> (referer: https://www.lajuana.cl/cosmeticos-cannabicos/)
2019-02-16 22:28:38 [scrapy.core.engine] DEBUG: Crawled (200) <GET https://www.lajuana.cl/annabis/cremcann-hyaluron-50ml.html> (referer: https://www.lajuana.cl/cosmeticos-cannabicos/)
2019-02-16 22:28:38 [scrapy.core.engine] DEBUG: Crawled (200) <GET https://www.lajuana.cl/annabis/arthrocann-warming-75ml.html> (referer: https://www.lajuana.cl/cosmeticos-cannabicos/)
2019-02-16 22:28:38 [scrapy.core.engine] DEBUG: Crawled (200) <GET https://www.lajuana.cl/annabis/cremcann-omega-3-6-50ml.html> (referer: https://www.lajuana.cl/cosmeticos-cannabicos/)
2019-02-16 22:28:38 [scrapy.core.engine] DEBUG: Crawled (200) <GET https://www.lajuana.cl/annabis/cremcann-hyaluron-15ml.html> (referer: https://www.lajuana.cl/cosmeticos-cannabicos/)
2019-02-16 22:28:39 [scrapy.core.engine] DEBUG: Crawled (200) <GET https://www.lajuana.cl/annabis/bodycann-shower-gel-250ml.html> (referer: https://www.lajuana.cl/cosmeticos-cannabicos/)
2019-02-16 22:28:40 [scrapy.core.engine] DEBUG: Crawled (200) <GET https://www.lajuana.cl/annabis/handcann-crema-75ml.html> (referer: https://www.lajuana.cl/cosmeticos-cannabicos/)
2019-02-16 22:28:40 [scrapy.core.engine] DEBUG: Crawled (200) <GET https://www.lajuana.cl/annabis/creamcann-q10-men-50ml.html> (referer: https://www.lajuana.cl/cosmeticos-cannabicos/)
2019-02-16 22:28:40 [scrapy.core.engine] DEBUG: Crawled (200) <GET https://www.lajuana.cl/annabis/boddycann-body-milk-250ml.html> (referer: https://www.lajuana.cl/cosmeticos-cannabicos/)
2019-02-16 22:28:40 [scrapy.core.engine] DEBUG: Crawled (200) <GET https://www.lajuana.cl/test-de-drogas/zydot-euro-blend-test-de-orina-naranja.html> (referer: https://www.lajuana.cl/test-de-drogas/)
2019-02-16 22:28:42 [scrapy.core.engine] DEBUG: Crawled (200) <GET https://www.lajuana.cl/productos-con-cbd/cbd-e-liquid-hemp-bombs-75mg.html> (referer: https://www.lajuana.cl/productos-con-cbd/)
2019-02-16 22:28:42 [scrapy.core.engine] DEBUG: Crawled (200) <GET https://www.lajuana.cl/annabis/bodycann-shampoo-250ml.html> (referer: https://www.lajuana.cl/cosmeticos-cannabicos/)
2019-02-16 22:28:42 [scrapy.core.engine] DEBUG: Crawled (200) <GET https://www.lajuana.cl/productos-con-cbd/jarabe-cbd-hemp-bombs.html> (referer: https://www.lajuana.cl/productos-con-cbd/)
2019-02-16 22:28:42 [scrapy.core.engine] DEBUG: Crawled (200) <GET https://www.lajuana.cl/test-de-drogas/zydot-euro-blend-test-de-orina-cereza.html> (referer: https://www.lajuana.cl/test-de-drogas/)
2019-02-16 22:28:42 [scrapy.core.engine] DEBUG: Crawled (200) <GET https://www.lajuana.cl/productos-con-cbd/capsulas-de-cbd-hemp-bombs.html> (referer: https://www.lajuana.cl/productos-con-cbd/)
2019-02-16 22:28:43 [scrapy.core.engine] DEBUG: Crawled (200) <GET https://www.lajuana.cl/dna-genetics/cannalope-haze-3-semillas-dna-genetics.html> (referer: https://www.lajuana.cl/dna-genetics/)
2019-02-16 22:28:44 [scrapy.core.engine] DEBUG: Crawled (200) <GET https://www.lajuana.cl/dna-genetics/exodus-kush-3-semillas-dna-genetics.html> (referer: https://www.lajuana.cl/dna-genetics/)
2019-02-16 22:28:44 [scrapy.core.engine] DEBUG: Crawled (200) <GET https://www.lajuana.cl/dna-genetics/tangilope-3-semillas-dna-genetics.html> (referer: https://www.lajuana.cl/dna-genetics/)
2019-02-16 22:28:44 [scrapy.core.engine] DEBUG: Crawled (200) <GET https://www.lajuana.cl/dna-genetics/60-day-wonder-auto-3-semillas-dna-genetics.html> (referer: https://www.lajuana.cl/dna-genetics/)
2019-02-16 22:28:45 [scrapy.core.engine] DEBUG: Crawled (200) <GET https://www.lajuana.cl/dutch-passion/auto-duck-3-semillas-dutch-passion.html> (referer: https://www.lajuana.cl/dutch-passion/)
2019-02-16 22:28:45 [scrapy.core.engine] DEBUG: Crawled (200) <GET https://www.lajuana.cl/dutch-passion/auto-durban-poison-3-semillas-dutch-passion.html> (referer: https://www.lajuana.cl/dutch-passion/)
2019-02-16 22:28:45 [scrapy.core.engine] DEBUG: Crawled (200) <GET https://www.lajuana.cl/dutch-passion/twilight-3-semillas-dutch-passion.html> (referer: https://www.lajuana.cl/dutch-passion/)
2019-02-16 22:28:46 [scrapy.core.engine] DEBUG: Crawled (200) <GET https://www.lajuana.cl/dutch-passion/the-edge-3-semillas-dutch-passion.html> (referer: https://www.lajuana.cl/dutch-passion/)
2019-02-16 22:28:46 [scrapy.core.engine] DEBUG: Crawled (200) <GET https://www.lajuana.cl/dutch-passion/skunk-ns11-3-semillas-dutch-passion.html> (referer: https://www.lajuana.cl/dutch-passion/)
2019-02-16 22:28:46 [scrapy.core.engine] DEBUG: Crawled (200) <GET https://www.lajuana.cl/dutch-passion/mazar-3-semillas-dutch-passion.html> (referer: https://www.lajuana.cl/dutch-passion/)
2019-02-16 22:28:47 [scrapy.core.engine] DEBUG: Crawled (200) <GET https://www.lajuana.cl/dutch-passion/cbd-compassion-3-semillas-dutch-passion.html> (referer: https://www.lajuana.cl/dutch-passion/)
2019-02-16 22:28:47 [scrapy.core.engine] DEBUG: Crawled (200) <GET https://www.lajuana.cl/dutch-passion/pamir-gold-3-semillas-dutch-passion.html> (referer: https://www.lajuana.cl/dutch-passion/)
2019-02-16 22:28:47 [scrapy.core.engine] DEBUG: Crawled (200) <GET https://www.lajuana.cl/dutch-passion/californian-orange-3-semillas-dutch-passion.html> (referer: https://www.lajuana.cl/dutch-passion/)
2019-02-16 22:28:47 [scrapy.core.engine] DEBUG: Crawled (200) <GET https://www.lajuana.cl/dna-genetics/sour-kosher-3-semillas-dna-genetics.html> (referer: https://www.lajuana.cl/dna-genetics/)
2019-02-16 22:28:48 [scrapy.core.engine] DEBUG: Crawled (200) <GET https://www.lajuana.cl/eva-seeds/pink-plant-3-semillas-eva-seeds.html> (referer: https://www.lajuana.cl/eva-seeds/)
2019-02-16 22:28:49 [scrapy.core.engine] DEBUG: Crawled (200) <GET https://www.lajuana.cl/eva-seeds/jamaican-dream-3-semillas-eva-seeds.html> (referer: https://www.lajuana.cl/eva-seeds/)
2019-02-16 22:28:49 [scrapy.core.engine] DEBUG: Crawled (200) <GET https://www.lajuana.cl/eva-seeds/missing-in-barcelona-3-semillas-eva-seeds.html> (referer: https://www.lajuana.cl/eva-seeds/)
2019-02-16 22:28:49 [scrapy.core.engine] DEBUG: Crawled (200) <GET https://www.lajuana.cl/eva-seeds/monster-3-semillas-eva-seeds.html> (referer: https://www.lajuana.cl/eva-seeds/)
2019-02-16 22:28:49 [scrapy.core.engine] DEBUG: Crawled (200) <GET https://www.lajuana.cl/grass-o-matic/auto-mass-3-semillas-grassomatic.html> (referer: https://www.lajuana.cl/grass-o-matic/)
2019-02-16 22:28:49 [scrapy.core.engine] DEBUG: Crawled (200) <GET https://www.lajuana.cl/dutch-passion/frisian-dew-3-semillas-dutch-passion.html> (referer: https://www.lajuana.cl/dutch-passion/)
2019-02-16 22:28:50 [scrapy.core.engine] DEBUG: Crawled (200) <GET https://www.lajuana.cl/eva-seeds/black-dream-3-semillas-eva-seeds.html> (referer: https://www.lajuana.cl/eva-seeds/)
2019-02-16 22:28:51 [scrapy.core.engine] DEBUG: Crawled (200) <GET https://www.lajuana.cl/dna-genetics-reserva-privada/sour-kush-3-semillas-dna-reserva-privada.html> (referer: https://www.lajuana.cl/DNA-genetics-reserva-privada/)
2019-02-16 22:28:51 [scrapy.core.engine] DEBUG: Crawled (200) <GET https://www.lajuana.cl/dna-genetics-reserva-privada/og-kush-3-semillas-dna-reserva-privada.html> (referer: https://www.lajuana.cl/DNA-genetics-reserva-privada/)
2019-02-16 22:28:51 [scrapy.core.engine] DEBUG: Crawled (200) <GET https://www.lajuana.cl/dna-genetics-reserva-privada/sour-diesel-3-semillas-dna-reserva-privada.html> (referer: https://www.lajuana.cl/DNA-genetics-reserva-privada/)
2019-02-16 22:28:51 [scrapy.core.engine] DEBUG: Crawled (200) <GET https://www.lajuana.cl/flying-dutchmen/voyager-5-semillas-flying-dutchmen.html> (referer: https://www.lajuana.cl/flying-dutchmen/)
2019-02-16 22:28:52 [scrapy.core.engine] DEBUG: Crawled (200) <GET https://www.lajuana.cl/flying-dutchmen/flying-dragon-5-semillas-flying-dutchmen.html> (referer: https://www.lajuana.cl/flying-dutchmen/)
2019-02-16 22:28:52 [scrapy.core.engine] DEBUG: Crawled (200) <GET https://www.lajuana.cl/flying-dutchmen/skunk-no1-5-semillas-flying-dutchmen.html> (referer: https://www.lajuana.cl/flying-dutchmen/)
2019-02-16 22:28:52 [scrapy.core.engine] DEBUG: Crawled (200) <GET https://www.lajuana.cl/flying-dutchmen/dutch-delight-5-semillas-flying-dutchmen.html> (referer: https://www.lajuana.cl/flying-dutchmen/)
2019-02-16 22:28:52 [scrapy.core.engine] DEBUG: Crawled (200) <GET https://www.lajuana.cl/flying-dutchmen/tdf-feminized-mix-5-semillas-flying-dutchmen.html> (referer: https://www.lajuana.cl/flying-dutchmen/)
2019-02-16 22:28:53 [scrapy.core.engine] DEBUG: Crawled (200) <GET https://www.lajuana.cl/medical-seeds/jack-la-mota-3-semillas-medical-seeds.html> (referer: https://www.lajuana.cl/medical-seeds/)
2019-02-16 22:28:54 [scrapy.core.engine] DEBUG: Crawled (200) <GET https://www.lajuana.cl/medical-seeds/devil-fruit-3-semillas-medical-seeds.html> (referer: https://www.lajuana.cl/medical-seeds/)
2019-02-16 22:28:54 [scrapy.core.engine] DEBUG: Crawled (200) <GET https://www.lajuana.cl/medical-seeds/2046-3-semillas-medical-seeds.html> (referer: https://www.lajuana.cl/medical-seeds/)
2019-02-16 22:28:54 [scrapy.core.engine] DEBUG: Crawled (200) <GET https://www.lajuana.cl/medical-seeds/y-griega-3-semillas-medical-seeds.html> (referer: https://www.lajuana.cl/medical-seeds/)
2019-02-16 22:28:54 [scrapy.core.engine] DEBUG: Crawled (200) <GET https://www.lajuana.cl/medical-seeds/prozack-3-semillas-medical-seeds.html> (referer: https://www.lajuana.cl/medical-seeds/)
2019-02-16 22:28:54 [scrapy.core.engine] DEBUG: Crawled (200) <GET https://www.lajuana.cl/medical-seeds/channel-3-semillas-medical-seeds.html> (referer: https://www.lajuana.cl/medical-seeds/)
2019-02-16 22:28:55 [scrapy.core.engine] DEBUG: Crawled (200) <GET https://www.lajuana.cl/green-house-seeds/nl5-haze-mist-3-semillas-green-house-seeds.html> (referer: https://www.lajuana.cl/green-house-seeds/)
2019-02-16 22:28:55 [scrapy.core.engine] DEBUG: Crawled (200) <GET https://www.lajuana.cl/green-house-seeds/nevilles-haze-3-semillas-green-house-seeds.html> (referer: https://www.lajuana.cl/green-house-seeds/)
2019-02-16 22:28:55 [scrapy.core.engine] DEBUG: Crawled (200) <GET https://www.lajuana.cl/green-house-seeds/exodus-cheese-auto-3-semillas-green-house-seeds.html> (referer: https://www.lajuana.cl/green-house-seeds/)
2019-02-16 22:28:55 [scrapy.core.engine] DEBUG: Crawled (200) <GET https://www.lajuana.cl/green-house-seeds/white-rhino-3-semillas-green-house-seeds.html> (referer: https://www.lajuana.cl/green-house-seeds/)
2019-02-16 22:28:56 [scrapy.core.engine] DEBUG: Crawled (200) <GET https://www.lajuana.cl/green-house-seeds/exodus-cheese-3-semillas-green-house-seeds.html> (referer: https://www.lajuana.cl/green-house-seeds/)
2019-02-16 22:28:57 [scrapy.core.engine] DEBUG: Crawled (200) <GET https://www.lajuana.cl/green-house-seeds/kalashnikova-auto-3-semillas-green-house-seeds.html> (referer: https://www.lajuana.cl/green-house-seeds/)
2019-02-16 22:28:57 [scrapy.core.engine] DEBUG: Crawled (200) <GET https://www.lajuana.cl/green-house-seeds/great-white-shark-3-semillas-green-house-seeds.html> (referer: https://www.lajuana.cl/green-house-seeds/)
2019-02-16 22:28:57 [scrapy.core.engine] DEBUG: Crawled (200) <GET https://www.lajuana.cl/green-house-seeds/cheese-3-semillas-green-house-seeds.html> (referer: https://www.lajuana.cl/green-house-seeds/)
2019-02-16 22:28:57 [scrapy.core.engine] DEBUG: Crawled (200) <GET https://www.lajuana.cl/green-house-seeds/super-critical-3-semillas-green-house-seeds.html> (referer: https://www.lajuana.cl/green-house-seeds/)
2019-02-16 22:28:57 [scrapy.core.engine] DEBUG: Crawled (200) <GET https://www.lajuana.cl/ripper-seeds/ripper-haze-3-semillas-ripper-seeds.html> (referer: https://www.lajuana.cl/ripper-seeds/)
2019-02-16 22:29:01 [scrapy.core.engine] DEBUG: Crawled (200) <GET https://www.lajuana.cl/ripper-seeds/washing-machine-3-semillas-ripper-seeds.html> (referer: https://www.lajuana.cl/ripper-seeds/)
2019-02-16 22:29:02 [scrapy.core.engine] DEBUG: Crawled (200) <GET https://www.lajuana.cl/ripper-seeds/sideral-3-semillas-ripper-seeds.html> (referer: https://www.lajuana.cl/ripper-seeds/)
2019-02-16 22:29:02 [scrapy.core.engine] DEBUG: Crawled (200) <GET https://www.lajuana.cl/ripper-seeds/sour-ripper-3-semillas-ripper-seeds.html> (referer: https://www.lajuana.cl/ripper-seeds/)
2019-02-16 22:29:02 [scrapy.core.engine] DEBUG: Crawled (200) <GET https://www.lajuana.cl/ripper-seeds/black-valley-3-semillas-ripper-seeds.html> (referer: https://www.lajuana.cl/ripper-seeds/)
2019-02-16 22:29:03 [scrapy.core.engine] DEBUG: Crawled (200) <GET https://www.lajuana.cl/ripper-seeds/double-glock-3-semillas-ripper-seeds.html> (referer: https://www.lajuana.cl/ripper-seeds/)
2019-02-16 22:29:04 [scrapy.core.engine] DEBUG: Crawled (200) <GET https://www.lajuana.cl/ripper-seeds/criminal-3-semillas-ripper-seeds.html> (referer: https://www.lajuana.cl/ripper-seeds/)
2019-02-16 22:29:04 [scrapy.core.engine] DEBUG: Crawled (200) <GET https://www.lajuana.cl/ripper-seeds/acid-dough-3-semillas-ripper-seeds.html> (referer: https://www.lajuana.cl/ripper-seeds/)
2019-02-16 22:29:04 [scrapy.core.engine] DEBUG: Crawled (200) <GET https://www.lajuana.cl/ripper-seeds/ripper-badazz-3-semillas-ripper-seeds.html> (referer: https://www.lajuana.cl/ripper-seeds/)
2019-02-16 22:29:04 [scrapy.core.engine] DEBUG: Crawled (200) <GET https://www.lajuana.cl/medical-seeds/1024-3-semillas-medical-seeds.html> (referer: https://www.lajuana.cl/medical-seeds/)
2019-02-16 22:29:04 [scrapy.core.engine] DEBUG: Crawled (200) <GET https://www.lajuana.cl/ripper-seeds/old-school-3-semillas-ripper-seeds.html> (referer: https://www.lajuana.cl/ripper-seeds/)
2019-02-16 22:29:05 [scrapy.core.engine] DEBUG: Crawled (200) <GET https://www.lajuana.cl/green-house-seeds/white-widow-3-semillas-green-house-seeds.html> (referer: https://www.lajuana.cl/green-house-seeds/)
2019-02-16 22:29:06 [scrapy.core.engine] DEBUG: Crawled (200) <GET https://www.lajuana.cl/fastbuds/lsd-25-auto-3-semillas-fastbuds.html> (referer: https://www.lajuana.cl/fastbuds/)
2019-02-16 22:29:06 [scrapy.core.engine] DEBUG: Crawled (200) <GET https://www.lajuana.cl/fastbuds/lemon-ak-3-semillas-fastbuds.html> (referer: https://www.lajuana.cl/fastbuds/)
2019-02-16 22:29:06 [scrapy.core.engine] DEBUG: Crawled (200) <GET https://www.lajuana.cl/fastbuds/west-coast-og-auto-3-semillas-fastbuds.html> (referer: https://www.lajuana.cl/fastbuds/)
2019-02-16 22:29:06 [scrapy.core.engine] DEBUG: Crawled (200) <GET https://www.lajuana.cl/fastbuds/zkittlez-auto-3-semillas-fastbuds.html> (referer: https://www.lajuana.cl/fastbuds/)
2019-02-16 22:29:07 [scrapy.core.engine] DEBUG: Crawled (200) <GET https://www.lajuana.cl/fastbuds/girl-scout-cookies-auto-3-semillas-fastbuds.html> (referer: https://www.lajuana.cl/fastbuds/)
2019-02-16 22:29:07 [scrapy.core.engine] DEBUG: Crawled (200) <GET https://www.lajuana.cl/fastbuds/mexican-airlines-auto-3-semillas-fastbuds.html> (referer: https://www.lajuana.cl/fastbuds/)
2019-02-16 22:29:08 [scrapy.core.engine] DEBUG: Crawled (200) <GET https://www.lajuana.cl/fastbuds/blue-dream-matic-auto-3-semillas-fastbuds.html> (referer: https://www.lajuana.cl/fastbuds/)
2019-02-16 22:29:08 [scrapy.core.engine] DEBUG: Crawled (200) <GET https://www.lajuana.cl/fastbuds/green-crack-auto-3-semillas-fastbuds.html> (referer: https://www.lajuana.cl/fastbuds/)
2019-02-16 22:29:08 [scrapy.core.engine] DEBUG: Crawled (200) <GET https://www.lajuana.cl/semillas-a-granel/mazar-automatica-a-granel.html> (referer: https://www.lajuana.cl/semillas/)
2019-02-16 22:29:09 [scrapy.core.engine] DEBUG: Crawled (200) <GET https://www.lajuana.cl/fastbuds/gorila-glue-auto-3-semillas-fastbuds.html> (referer: https://www.lajuana.cl/fastbuds/)
2019-02-16 22:29:09 [scrapy.core.engine] DEBUG: Crawled (200) <GET https://www.lajuana.cl/fastbuds/californian-snow-auto-3-semillas-fastbuds.html> (referer: https://www.lajuana.cl/fastbuds/)
2019-02-16 22:29:09 [scrapy.core.engine] DEBUG: Crawled (200) <GET https://www.lajuana.cl/semillas-a-granel/strawberry-feminizada-a-granel.html> (referer: https://www.lajuana.cl/semillas/)
2019-02-16 22:29:09 [scrapy.core.engine] DEBUG: Crawled (200) <GET https://www.lajuana.cl/semillas-a-granel/cannatonic-medicinal-cbd-a-granel.html> (referer: https://www.lajuana.cl/semillas/)
2019-02-16 22:29:09 [scrapy.core.engine] DEBUG: Crawled (200) <GET https://www.lajuana.cl/semillas-a-granel/destroyer-feminizada-a-granel.html> (referer: https://www.lajuana.cl/semillas/)
2019-02-16 22:29:10 [scrapy.core.engine] DEBUG: Crawled (200) <GET https://www.lajuana.cl/semillas-a-granel/bruce-banner-3-feminzada-a-granel.html> (referer: https://www.lajuana.cl/semillas/)
2019-02-16 22:29:11 [scrapy.core.engine] DEBUG: Crawled (200) <GET https://www.lajuana.cl/semillas-a-granel/60-day-lemon-automatica-a-granel.html> (referer: https://www.lajuana.cl/semillas/)
2019-02-16 22:29:11 [scrapy.core.engine] DEBUG: Crawled (200) <GET https://www.lajuana.cl/semillas-a-granel/skunk-automatica-a-granel.html> (referer: https://www.lajuana.cl/semillas/)
2019-02-16 22:29:11 [scrapy.core.engine] DEBUG: Crawled (200) <GET https://www.lajuana.cl/semillas-a-granel/og-kush-feminizada-a-granel.html> (referer: https://www.lajuana.cl/semillas/)
2019-02-16 22:29:12 [scrapy.core.engine] DEBUG: Crawled (200) <GET https://www.lajuana.cl/pyramid-seeds/northern-lights-1-semilla-pyramid-seeds.html> (referer: https://www.lajuana.cl/pyramid-seeds/)
2019-02-16 22:29:13 [scrapy.core.engine] DEBUG: Crawled (200) <GET https://www.lajuana.cl/semillas-a-granel/haze-feminizada-a-granel.html> (referer: https://www.lajuana.cl/semillas/)
2019-02-16 22:29:13 [scrapy.core.engine] DEBUG: Crawled (200) <GET https://www.lajuana.cl/pyramid-seeds/white-widow-1-semilla-pyramid-seeds.html> (referer: https://www.lajuana.cl/pyramid-seeds/)
2019-02-16 22:29:13 [scrapy.core.engine] DEBUG: Crawled (200) <GET https://www.lajuana.cl/pyramid-seeds/nefertiti-1-semilla-pyramid-seeds.html> (referer: https://www.lajuana.cl/pyramid-seeds/)
2019-02-16 22:29:13 [scrapy.core.engine] DEBUG: Crawled (200) <GET https://www.lajuana.cl/pyramid-seeds/new-york-city-1-semilla-pyramid-seeds.html> (referer: https://www.lajuana.cl/pyramid-seeds/)
2019-02-16 22:29:13 [scrapy.core.engine] DEBUG: Crawled (200) <GET https://www.lajuana.cl/pyramid-seeds/super-hash-1-semilla-pyramid-seeds.html> (referer: https://www.lajuana.cl/pyramid-seeds/)
2019-02-16 22:29:14 [scrapy.core.engine] DEBUG: Crawled (200) <GET https://www.lajuana.cl/pyramid-seeds/kryptonite-1-semilla-pyramid-seeds.html> (referer: https://www.lajuana.cl/pyramid-seeds/)
2019-02-16 22:29:15 [scrapy.core.engine] DEBUG: Crawled (200) <GET https://www.lajuana.cl/pyramid-seeds/anesthesia-1-semilla-pyramid-seeds.html> (referer: https://www.lajuana.cl/pyramid-seeds/)
2019-02-16 22:29:15 [scrapy.core.engine] DEBUG: Crawled (200) <GET https://www.lajuana.cl/pyramid-seeds/lennon-1-semilla-pyramid-seeds.html> (referer: https://www.lajuana.cl/pyramid-seeds/)
2019-02-16 22:29:15 [scrapy.core.engine] DEBUG: Crawled (200) <GET https://www.lajuana.cl/paradise-seeds/icecream-3-semillas-paradise-seeds.html> (referer: https://www.lajuana.cl/paradise-seeds/)
2019-02-16 22:29:15 [scrapy.core.engine] DEBUG: Crawled (200) <GET https://www.lajuana.cl/pyramid-seeds/auto-blue-pyramid-1-semilla-pyramid-seeds.html> (referer: https://www.lajuana.cl/pyramid-seeds/)
2019-02-16 22:29:16 [scrapy.core.engine] DEBUG: Crawled (200) <GET https://www.lajuana.cl/pyramid-seeds/shark-1-semilla-pyramid-seeds.html> (referer: https://www.lajuana.cl/pyramid-seeds/)
2019-02-16 22:29:16 [scrapy.core.engine] DEBUG: Crawled (200) <GET https://www.lajuana.cl/semillas-a-granel/magnum-automatica-a-granel.html> (referer: https://www.lajuana.cl/semillas/)
2019-02-16 22:29:16 [scrapy.core.engine] DEBUG: Crawled (200) <GET https://www.lajuana.cl/positronics-seeds/super-cheese-3-2-semillas-positronics.html> (referer: https://www.lajuana.cl/positronics-seeds/)
2019-02-16 22:29:17 [scrapy.core.engine] DEBUG: Crawled (200) <GET https://www.lajuana.cl/positronics-seeds/critical-express-3-2-semillas-positronics-seeds.html> (referer: https://www.lajuana.cl/positronics-seeds/)
2019-02-16 22:29:17 [scrapy.core.engine] DEBUG: Crawled (200) <GET https://www.lajuana.cl/positronics-seeds/cum-laude-3-2-semillas-positronics.html> (referer: https://www.lajuana.cl/positronics-seeds/)
2019-02-16 22:29:18 [scrapy.core.engine] DEBUG: Crawled (200) <GET https://www.lajuana.cl/positronics-seeds/claustrum-3-2-semillas-positronics.html> (referer: https://www.lajuana.cl/positronics-seeds/)
2019-02-16 22:29:18 [scrapy.core.engine] DEBUG: Crawled (200) <GET https://www.lajuana.cl/positronics-seeds/jack-diesel-3-2-semillas-positronics.html> (referer: https://www.lajuana.cl/positronics-seeds/)
2019-02-16 22:29:18 [scrapy.core.engine] DEBUG: Crawled (200) <GET https://www.lajuana.cl/positronics-seeds/critical-47-3-2-semillas-positronics.html> (referer: https://www.lajuana.cl/positronics-seeds/)
2019-02-16 22:29:18 [scrapy.core.engine] DEBUG: Crawled (200) <GET https://www.lajuana.cl/positronics-seeds/caramelice-3-2-semillas-positronics.html> (referer: https://www.lajuana.cl/positronics-seeds/)
2019-02-16 22:29:18 [scrapy.core.engine] DEBUG: Crawled (200) <GET https://www.lajuana.cl/positronics-seeds/blue-rhino-3-2-semillas-positronics.html> (referer: https://www.lajuana.cl/positronics-seeds/)
2019-02-16 22:29:19 [scrapy.core.engine] DEBUG: Crawled (200) <GET https://www.lajuana.cl/positronics-seeds/black-widow-3-2-semillas-positronics.html> (referer: https://www.lajuana.cl/positronics-seeds/)
2019-02-16 22:29:19 [scrapy.core.engine] DEBUG: Crawled (200) <GET https://www.lajuana.cl/positronics-seeds/amnesia-mistery-3-2-semillas-positronics.html> (referer: https://www.lajuana.cl/positronics-seeds/)
2019-02-16 22:29:19 [scrapy.core.engine] DEBUG: Crawled (200) <GET https://www.lajuana.cl/humboldt-seeds/bubba-cheese-auto-3-semillas-humboldt-seeds.html> (referer: https://www.lajuana.cl/humboldt-seeds/)
2019-02-16 22:29:20 [scrapy.core.engine] DEBUG: Crawled (200) <GET https://www.lajuana.cl/humboldt-seeds/lost-coast-og-3-semillas-humboldt-seeds.html> (referer: https://www.lajuana.cl/humboldt-seeds/)
2019-02-16 22:29:20 [scrapy.core.engine] DEBUG: Crawled (200) <GET https://www.lajuana.cl/humboldt-seeds/lost-coast-hashplant-3-semillas-humboldt-seeds.html> (referer: https://www.lajuana.cl/humboldt-seeds/)
2019-02-16 22:29:21 [scrapy.core.engine] DEBUG: Crawled (200) <GET https://www.lajuana.cl/humboldt-seeds/lost-coast-skunk-auto-3-semillas-humboldt-seeds.html> (referer: https://www.lajuana.cl/humboldt-seeds/)
2019-02-16 22:29:21 [scrapy.core.engine] DEBUG: Crawled (200) <GET https://www.lajuana.cl/humboldt-seeds/lemon-kush-headband-3-semillas-humboldt-seeds.html> (referer: https://www.lajuana.cl/humboldt-seeds/)
2019-02-16 22:29:21 [scrapy.core.engine] DEBUG: Crawled (200) <GET https://www.lajuana.cl/humboldt-seeds/master-kush-3-semillas-humboldt-seeds.html> (referer: https://www.lajuana.cl/humboldt-seeds/)
2019-02-16 22:29:21 [scrapy.core.engine] DEBUG: Crawled (200) <GET https://www.lajuana.cl/humboldt-seeds/chocolate-mint-og-3-semillas-humboldt-seeds.html> (referer: https://www.lajuana.cl/humboldt-seeds/)
2019-02-16 22:29:22 [scrapy.core.engine] DEBUG: Crawled (200) <GET https://www.lajuana.cl/humboldt-seeds/chemdawg-3-semillas-humboldt-seeds.html> (referer: https://www.lajuana.cl/humboldt-seeds/)
2019-02-16 22:29:22 [scrapy.core.engine] DEBUG: Crawled (200) <GET https://www.lajuana.cl/medicina-cannabica/> (referer: https://www.lajuana.cl/)
2019-02-16 22:29:22 [scrapy.core.engine] DEBUG: Crawled (200) <GET https://www.lajuana.cl/viales-de-esporas/> (referer: https://www.lajuana.cl/)
2019-02-16 22:29:22 [scrapy.core.engine] DEBUG: Crawled (200) <GET https://www.lajuana.cl/accesorios-fungi/> (referer: https://www.lajuana.cl/)
2019-02-16 22:29:22 [scrapy.core.engine] DEBUG: Crawled (200) <GET https://www.lajuana.cl/sustrato-fungi/> (referer: https://www.lajuana.cl/)
2019-02-16 22:29:22 [scrapy.core.engine] DEBUG: Crawled (200) <GET https://www.lajuana.cl/kits-cultivo-fungi/> (referer: https://www.lajuana.cl/)
2019-02-16 22:29:22 [scrapy.core.engine] DEBUG: Crawled (200) <GET https://www.lajuana.cl/esporas-de-coleccion/> (referer: https://www.lajuana.cl/)
2019-02-16 22:29:22 [scrapy.core.engine] DEBUG: Crawled (200) <GET https://www.lajuana.cl/distintivos-y-guias/> (referer: https://www.lajuana.cl/)
2019-02-16 22:29:22 [scrapy.core.engine] DEBUG: Crawled (200) <GET https://www.lajuana.cl/mundo-fungi/> (referer: https://www.lajuana.cl/)
2019-02-16 22:29:23 [scrapy.core.engine] DEBUG: Crawled (200) <GET https://www.lajuana.cl/platos-para-macetas/> (referer: https://www.lajuana.cl/)
2019-02-16 22:29:23 [scrapy.core.engine] DEBUG: Crawled (200) <GET https://www.lajuana.cl/macetas-de-plastico/> (referer: https://www.lajuana.cl/)
2019-02-16 22:29:23 [scrapy.core.engine] DEBUG: Crawled (200) <GET https://www.lajuana.cl/humboldt-seeds/purple-trainwreck-3-semillas-humboldt-seeds.html> (referer: https://www.lajuana.cl/humboldt-seeds/)
2019-02-16 22:29:23 [scrapy.core.engine] DEBUG: Crawled (200) <GET https://www.lajuana.cl/maceteros-textiles/> (referer: https://www.lajuana.cl/)
2019-02-16 22:29:23 [scrapy.core.engine] DEBUG: Crawled (200) <GET https://www.lajuana.cl/maceteros-para-cultivar/> (referer: https://www.lajuana.cl/)
2019-02-16 22:29:23 [scrapy.core.engine] DEBUG: Crawled (200) <GET https://www.lajuana.cl/sustratos-jiffy/> (referer: https://www.lajuana.cl/)
2019-02-16 22:29:23 [scrapy.core.engine] DEBUG: Crawled (200) <GET https://www.lajuana.cl/sustratos-mills/> (referer: https://www.lajuana.cl/)
2019-02-16 22:29:23 [scrapy.core.engine] DEBUG: Crawled (200) <GET https://www.lajuana.cl/sustratos-otras-marcas/> (referer: https://www.lajuana.cl/)
2019-02-16 22:29:23 [scrapy.core.engine] DEBUG: Crawled (200) <GET https://www.lajuana.cl/sustratos-biobizz/> (referer: https://www.lajuana.cl/)
2019-02-16 22:29:24 [scrapy.core.engine] DEBUG: Crawled (200) <GET https://www.lajuana.cl/sustratos-full-grow/> (referer: https://www.lajuana.cl/)
2019-02-16 22:29:25 [scrapy.core.engine] DEBUG: Crawled (200) <GET https://www.lajuana.cl/accesorios-para-medicion/jeringa-desechable-5-ml-con-aguja.html> (referer: https://www.lajuana.cl/accesorios-fungi/)
2019-02-16 22:29:25 [scrapy.core.engine] DEBUG: Crawled (200) <GET https://www.lajuana.cl/sustrato-fungi/vermiculita-esteril-750cc.html> (referer: https://www.lajuana.cl/sustrato-fungi/)
2019-02-16 22:29:25 [scrapy.core.engine] DEBUG: Crawled (200) <GET https://www.lajuana.cl/accesorios-para-medicion/jeringa-desechable-10-ml-con-aguja.html> (referer: https://www.lajuana.cl/accesorios-fungi/)
2019-02-16 22:29:25 [scrapy.core.engine] DEBUG: Crawled (200) <GET https://www.lajuana.cl/viales-de-esporas/vial-de-esporas-cuba-natural-magic.html> (referer: https://www.lajuana.cl/viales-de-esporas/)
2019-02-16 22:29:25 [scrapy.core.engine] DEBUG: Crawled (200) <GET https://www.lajuana.cl/distintivos-y-guias/tutor-medusa-protect.html> (referer: https://www.lajuana.cl/distintivos-y-guias/)
2019-02-16 22:29:26 [scrapy.extensions.logstats] INFO: Crawled 181 pages (at 181 pages/min), scraped 0 items (at 0 items/min)
2019-02-16 22:29:27 [scrapy.core.engine] DEBUG: Crawled (200) <GET https://www.lajuana.cl/esporas-de-coleccion/australia-natural-magic.html> (referer: https://www.lajuana.cl/esporas-de-coleccion/)
2019-02-16 22:29:27 [scrapy.core.engine] DEBUG: Crawled (200) <GET https://www.lajuana.cl/distintivos-y-guias/etiquetas-distintivas-para-picar-13-x-6-cm-x-1-un.html> (referer: https://www.lajuana.cl/distintivos-y-guias/)
2019-02-16 22:29:27 [scrapy.core.engine] DEBUG: Crawled (200) <GET https://www.lajuana.cl/distintivos-y-guias/tutor-plastico-verde-8mm-grosor-x-60mm-largo.html> (referer: https://www.lajuana.cl/distintivos-y-guias/)
2019-02-16 22:29:27 [scrapy.core.engine] DEBUG: Crawled (200) <GET https://www.lajuana.cl/platos-para-macetas/plato-para-macetas-cuadradas-7-11-18-lts-20x20-cms.html> (referer: https://www.lajuana.cl/platos-para-macetas/)
2019-02-16 22:29:27 [scrapy.core.engine] DEBUG: Crawled (200) <GET https://www.lajuana.cl/distintivos-y-guias/etiqueta-de-pincho-15-cms.html> (referer: https://www.lajuana.cl/distintivos-y-guias/)
2019-02-16 22:29:29 [scrapy.core.engine] DEBUG: Crawled (200) <GET https://www.lajuana.cl/sustratos-otras-marcas/germinador-pro.html> (referer: https://www.lajuana.cl/sustratos-otras-marcas/)
2019-02-16 22:29:29 [scrapy.core.engine] DEBUG: Crawled (200) <GET https://www.lajuana.cl/macetas-de-plastico/maceta-cuadrada-negra-7-lts-20x20x25-cms.html> (referer: https://www.lajuana.cl/macetas-de-plastico/)
2019-02-16 22:29:29 [scrapy.core.engine] DEBUG: Crawled (200) <GET https://www.lajuana.cl/maceteros-textiles/maceta-geotextil-texpot-7-litros-blanca.html> (referer: https://www.lajuana.cl/maceteros-textiles/)
2019-02-16 22:29:29 [scrapy.core.engine] DEBUG: Crawled (200) <GET https://www.lajuana.cl/maceteros-textiles/maceta-geotextil-texpot-15-litros.html> (referer: https://www.lajuana.cl/maceteros-textiles/)
2019-02-16 22:29:29 [scrapy.core.engine] DEBUG: Crawled (200) <GET https://www.lajuana.cl/maceteros-textiles/pure-pot-maceta-textil-757-litros.html> (referer: https://www.lajuana.cl/maceteros-textiles/)
2019-02-16 22:29:31 [scrapy.core.engine] DEBUG: Crawled (200) <GET https://www.lajuana.cl/sustratos-biobizz/sustrato-biobizz-all-mix-20-litros.html> (referer: https://www.lajuana.cl/sustratos-biobizz/)
2019-02-16 22:29:32 [scrapy.core.engine] DEBUG: Crawled (200) <GET https://www.lajuana.cl/sustratos-full-grow/sustratos-full-grow-plus-20l.html> (referer: https://www.lajuana.cl/sustratos-full-grow/)
2019-02-16 22:29:32 [scrapy.core.engine] DEBUG: Crawled (200) <GET https://www.lajuana.cl/sustratos-full-grow/sustratos-full-grow-plus-11lts.html> (referer: https://www.lajuana.cl/sustratos-full-grow/)
2019-02-16 22:29:32 [scrapy.core.engine] DEBUG: Crawled (200) <GET https://www.lajuana.cl/sustratos-biobizz/sustrato-biobizz-light-mix-50-litros.html> (referer: https://www.lajuana.cl/sustratos-biobizz/)
2019-02-16 22:29:33 [scrapy.core.engine] DEBUG: Crawled (200) <GET https://www.lajuana.cl/sustratos-full-grow/sustratos-full-grow-full-mix-50l.html> (referer: https://www.lajuana.cl/sustratos-full-grow/)
2019-02-16 22:29:33 [scrapy.core.engine] DEBUG: Crawled (200) <GET https://www.lajuana.cl/sustratos-full-grow/sustratos-full-grow-light-50lts.html> (referer: https://www.lajuana.cl/sustratos-full-grow/)
2019-02-16 22:29:34 [scrapy.core.engine] DEBUG: Crawled (200) <GET https://www.lajuana.cl/sustratos-biobizz/sustrato-biobizz-all-mix-50-litros.html> (referer: https://www.lajuana.cl/sustratos-biobizz/)
2019-02-16 22:29:34 [scrapy.core.engine] DEBUG: Crawled (200) <GET https://www.lajuana.cl/sustratos-biobizz/sustrato-biobizz-light-mix-20-litros.html> (referer: https://www.lajuana.cl/sustratos-biobizz/)
2019-02-16 22:29:35 [scrapy.core.engine] DEBUG: Crawled (200) <GET https://www.lajuana.cl/sustratos-otras-marcas/block-de-coco-5-kg-75-lts.html> (referer: https://www.lajuana.cl/sustratos-otras-marcas/)
2019-02-16 22:29:35 [scrapy.core.engine] DEBUG: Crawled (200) <GET https://www.lajuana.cl/sustratos-mills/sustrato-mills-top-mix-50-lts.html> (referer: https://www.lajuana.cl/sustratos-mills/)
2019-02-16 22:29:36 [scrapy.core.engine] DEBUG: Crawled (200) <GET https://www.lajuana.cl/sustratos-mills/sustrato-mills-light-mix-50l.html> (referer: https://www.lajuana.cl/sustratos-mills/)
2019-02-16 22:29:36 [scrapy.core.engine] DEBUG: Crawled (200) <GET https://www.lajuana.cl/sustratos-otras-marcas/euro-peblles-10l-arcilla-expandida-plagron.html> (referer: https://www.lajuana.cl/sustratos-otras-marcas/)
2019-02-16 22:29:37 [scrapy.core.engine] DEBUG: Crawled (200) <GET https://www.lajuana.cl/sustratos-mills/sustrato-mills-dna-soil-cork-50-lts.html> (referer: https://www.lajuana.cl/sustratos-mills/)
2019-02-16 22:29:38 [scrapy.core.engine] DEBUG: Crawled (200) <GET https://www.lajuana.cl/sustratos-jiffy/jiffy-cocoblock-5x5-cms.html> (referer: https://www.lajuana.cl/sustratos-jiffy/)
2019-02-16 22:29:43 [scrapy.core.engine] DEBUG: Crawled (200) <GET https://www.lajuana.cl/maceteros-textiles/texpot-urban-150-lts-color-arena.html> (referer: https://www.lajuana.cl/maceteros-textiles/)
2019-02-16 22:29:45 [scrapy.core.engine] DEBUG: Crawled (200) <GET https://www.lajuana.cl/maceteros-textiles/maceta-geotextil-texpot-10-litros-blanca.html> (referer: https://www.lajuana.cl/maceteros-textiles/)
2019-02-16 22:29:45 [scrapy.core.engine] DEBUG: Crawled (200) <GET https://www.lajuana.cl/maceteros-textiles/maceta-geotextil-texpot-3-litros-blanca.html> (referer: https://www.lajuana.cl/maceteros-textiles/)
2019-02-16 22:29:45 [scrapy.core.engine] DEBUG: Crawled (200) <GET https://www.lajuana.cl/sustratos-jiffy/disco-germinador-jiffy.html> (referer: https://www.lajuana.cl/sustratos-jiffy/)
2019-02-16 22:29:47 [scrapy.core.engine] DEBUG: Crawled (200) <GET https://www.lajuana.cl/maceteros-textiles/smart-pot-big-bag-bed-jr-190-lts.html> (referer: https://www.lajuana.cl/maceteros-textiles/)
2019-02-16 22:29:54 [scrapy.core.engine] DEBUG: Crawled (200) <GET https://www.lajuana.cl/maceteros-textiles/maceta-geotextil-texpot-50-litros.html> (referer: https://www.lajuana.cl/maceteros-textiles/)
2019-02-16 22:29:54 [scrapy.core.engine] DEBUG: Crawled (200) <GET https://www.lajuana.cl/maceteros-textiles/maceta-geotextil-texpot-25-litros-blanca.html> (referer: https://www.lajuana.cl/maceteros-textiles/)
2019-02-16 22:29:54 [scrapy.crawler] INFO: Received SIGINT, shutting down gracefully. Send again to force 
2019-02-16 22:29:54 [scrapy.core.engine] INFO: Closing spider (shutdown)
2019-02-16 22:29:54 [scrapy.core.engine] DEBUG: Crawled (200) <GET https://www.lajuana.cl/macetas-de-plastico/maceta-rejilla-762-cm.html> (referer: https://www.lajuana.cl/macetas-de-plastico/)
2019-02-16 22:29:55 [scrapy.core.engine] DEBUG: Crawled (200) <GET https://www.lajuana.cl/maceteros-textiles/maceta-geotextil-texpot-15-litros-blanca.html> (referer: https://www.lajuana.cl/maceteros-textiles/)
2019-02-16 22:29:55 [scrapy.core.engine] DEBUG: Crawled (200) <GET https://www.lajuana.cl/macetas-de-plastico/maceta-cuadrada-negra-35-lts-15x15x18-cms.html> (referer: https://www.lajuana.cl/macetas-de-plastico/)
2019-02-16 22:29:56 [scrapy.core.engine] DEBUG: Crawled (200) <GET https://www.lajuana.cl/macetas-de-plastico/maceta-rejilla-5cm-90uds.html> (referer: https://www.lajuana.cl/macetas-de-plastico/)
2019-02-16 22:29:56 [scrapy.core.engine] DEBUG: Crawled (200) <GET https://www.lajuana.cl/macetas-de-plastico/maceta-cuadrada-blanca-18-lts-26x26x40-cms.html> (referer: https://www.lajuana.cl/macetas-de-plastico/)
2019-02-16 22:29:57 [scrapy.core.engine] DEBUG: Crawled (200) <GET https://www.lajuana.cl/macetas-de-plastico/maceta-cuadrada-negra-56-lts-18x18x23-cms.html> (referer: https://www.lajuana.cl/macetas-de-plastico/)
2019-02-16 22:29:57 [scrapy.core.engine] DEBUG: Crawled (200) <GET https://www.lajuana.cl/macetas-de-plastico/maceta-cuadrada-negra-18-lts-26x26x40-cms.html> (referer: https://www.lajuana.cl/macetas-de-plastico/)
2019-02-16 22:29:58 [scrapy.core.engine] DEBUG: Crawled (200) <GET https://www.lajuana.cl/macetas-de-plastico/maceta-cuadrada-negra-3lts-15x15x20.html> (referer: https://www.lajuana.cl/macetas-de-plastico/)
2019-02-16 22:29:58 [scrapy.core.engine] DEBUG: Crawled (200) <GET https://www.lajuana.cl/macetas-de-plastico/maceta-cuadrada-blanca-7-lts-20x20x275-cms.html> (referer: https://www.lajuana.cl/macetas-de-plastico/)
2019-02-16 22:29:58 [scrapy.core.engine] DEBUG: Crawled (200) <GET https://www.lajuana.cl/platos-para-macetas/plato-para-maceta-18x18-cms.html> (referer: https://www.lajuana.cl/platos-para-macetas/)
2019-02-16 22:30:00 [scrapy.core.engine] DEBUG: Crawled (200) <GET https://www.lajuana.cl/platos-para-macetas/plato-para-macetas-cuadradas-35lts-15x15-cms.html> (referer: https://www.lajuana.cl/platos-para-macetas/)
2019-02-16 22:30:00 [scrapy.core.engine] DEBUG: Crawled (200) <GET https://www.lajuana.cl/macetas-de-plastico/maceta-cuadrada-negra-11-lts-23x23x26-cms.html> (referer: https://www.lajuana.cl/macetas-de-plastico/)
2019-02-16 22:30:00 [scrapy.core.engine] DEBUG: Crawled (200) <GET https://www.lajuana.cl/distintivos-y-guias/etiquetas-distintivas-para-plantas-13-x-10-cm-x-1-un.html> (referer: https://www.lajuana.cl/distintivos-y-guias/)
2019-02-16 22:30:00 [scrapy.core.engine] DEBUG: Crawled (200) <GET https://www.lajuana.cl/esporas-de-coleccion/pensacola-natural-magic.html> (referer: https://www.lajuana.cl/esporas-de-coleccion/)
2019-02-16 22:30:01 [scrapy.core.engine] DEBUG: Crawled (200) <GET https://www.lajuana.cl/esporas-de-coleccion/texas-natural-magic.html> (referer: https://www.lajuana.cl/esporas-de-coleccion/)
2019-02-16 22:30:01 [scrapy.core.engine] DEBUG: Crawled (200) <GET https://www.lajuana.cl/esporas-de-coleccion/esporas-de-hongos-thai-koh-samui-super-strain.html> (referer: https://www.lajuana.cl/esporas-de-coleccion/)
2019-02-16 22:30:01 [scrapy.statscollectors] INFO: Dumping Scrapy stats:
{'downloader/request_bytes': 121286,
 'downloader/request_count': 228,
 'downloader/request_method_count/GET': 228,
 'downloader/response_bytes': 8628524,
 'downloader/response_count': 228,
 'downloader/response_status_count/200': 228,
 'dupefilter/filtered': 42,
 'finish_reason': 'shutdown',
 'finish_time': datetime.datetime(2019, 2, 16, 22, 30, 1, 795773),
 'log_count/DEBUG': 229,
 'log_count/INFO': 11,
 'memusage/max': 161865728,
 'memusage/startup': 65159168,
 'request_depth_max': 2,
 'response_received_count': 228,
 'robotstxt/request_count': 1,
 'robotstxt/response_count': 1,
 'robotstxt/response_status_count/200': 1,
 'scheduler/dequeued': 227,
 'scheduler/dequeued/memory': 227,
 'scheduler/enqueued': 440,
 'scheduler/enqueued/memory': 440,
 'start_time': datetime.datetime(2019, 2, 16, 22, 28, 26, 451033)}
2019-02-16 22:30:01 [scrapy.core.engine] INFO: Spider closed (shutdown)
